<html>
<head>
<title>TestNG:  Test(failed)(failed)</title>
<link href="../testng.css" rel="stylesheet" type="text/css" />
<link href="../my-testng.css" rel="stylesheet" type="text/css" />

<style type="text/css">
.log { display: none;} 
.stack-trace { display: none;} 
</style>
<script type="text/javascript">
<!--
function flip(e) {
  current = e.style.display;
  if (current == 'block') {
    e.style.display = 'none';
    return 0;
  }
  else {
    e.style.display = 'block';
    return 1;
  }
}

function toggleBox(szDivId, elem, msg1, msg2)
{
  var res = -1;  if (document.getElementById) {
    res = flip(document.getElementById(szDivId));
  }
  else if (document.all) {
    // this is the way old msie versions work
    res = flip(document.all[szDivId]);
  }
  if(elem) {
    if(res == 0) elem.innerHTML = msg1; else elem.innerHTML = msg2;
  }

}

function toggleAllBoxes() {
  if (document.getElementsByTagName) {
    d = document.getElementsByTagName('div');
    for (i = 0; i < d.length; i++) {
      if (d[i].className == 'log') {
        flip(d[i]);
      }
    }
  }
}

// -->
</script>

</head>
<body>
<h2 align='center'>Test(failed)(failed)</h2><table border='1' align="center">
<tr>
<td>Tests passed/Failed/Skipped:</td><td>8/2/0</td>
</tr><tr>
<td>Started on:</td><td>Wed Jun 18 11:19:53 IST 2025</td>
</tr>
<tr><td>Total time:</td><td>672 seconds (672173 ms)</td>
</tr><tr>
<td>Included groups:</td><td></td>
</tr><tr>
<td>Excluded groups:</td><td></td>
</tr>
</table><p/>
<small><i>(Hover the method name to see the test class name)</i></small><p/>
<table width='100%' border='1' class='invocation-failed'>
<tr><td colspan='4' align='center'><b>FAILED TESTS</b></td></tr>
<tr><td><b>Test method</b></td>
<td><b>Attribute(s)</b></td>
<td width="30%"><b>Exception</b></td>
<td width="10%"><b>Time (seconds)</b></td>
<td><b>Instance</b></td>
</tr>
<tr>
<td title='function.A_testClassCreate.createNewAlarmTemplateByResource()'><b>createNewAlarmTemplateByResource</b><br>Test class: function.A_testClassCreate<br/>
<a href="#Output-1300016164" onClick='toggleBox("Output-1300016164", this, "Show output", "Hide output");'>Show output</a>

<a href="#Output-1300016164" onClick="toggleAllBoxes();">Show all outputs</a>
<div class='log' id="Output-1300016164">
 <br/>
The process of creating new alarm template by resource is started.<br/>
</div>
</td>
<td><div><pre>org.openqa.selenium.ElementClickInterceptedException: element click intercepted: Element &lt;input autocomplete=&quot;off&quot; placeholder=&quot;Select...&quot; id=&quot;dx_dx-796ad197-3f54-e56a-41b8-298428a571e1_selectedResources[786689f4a73da2eb7d606c9a4ea37c8970b06f0a]&quot; class=&quot;dx-texteditor-input&quot; aria-haspopup=&quot;listbox&quot; aria-autocomplete=&quot;list&quot; role=&quot;combobox&quot; type=&quot;text&quot; spellcheck=&quot;false&quot; tabindex=&quot;0&quot; size=&quot;1&quot; aria-expanded=&quot;false&quot; aria-required=&quot;true&quot;&gt; is not clickable at point (364, 662). Other element would receive the click: &lt;div class=&quot;dx-list-item-before-bag dx-list-select-checkbox-container&quot;&gt;...&lt;/div&gt;
  (Session info: MicrosoftEdge=137.0.3296.83)
Build info: version: &apos;4.17.0&apos;, revision: &apos;e52b1be057*&apos;
System info: os.name: &apos;Windows 11&apos;, os.arch: &apos;amd64&apos;, os.version: &apos;10.0&apos;, java.version: &apos;17.0.9&apos;
Driver info: org.openqa.selenium.edge.EdgeDriver
Command: [38f8aa2f09dea81b76622222a4a294f4, clickElement {id=f.4E4FD31562544774B4D00D572A996B01.d.00A337CC114FE45880958A9C96FF55E9.e.1070}]
Capabilities {acceptInsecureCerts: false, browserName: MicrosoftEdge, browserVersion: 137.0.3296.83, fedcm:accounts: true, ms:edgeOptions: {debuggerAddress: localhost:51107}, msedge: {msedgedriverVersion: 137.0.3296.83 (24e00e9cccf2..., userDataDir: C:\Users\BHUPESH\AppData\Lo...}, networkConnectionEnabled: false, pageLoadStrategy: normal, platformName: windows, proxy: Proxy(), se:cdp: ws://localhost:51107/devtoo..., se:cdpVersion: 137.0.3296.83, setWindowRect: true, strictFileInteractability: false, timeouts: {implicit: 0, pageLoad: 300000, script: 30000}, unhandledPromptBehavior: dismiss and notify, webauthn:extension:credBlob: true, webauthn:extension:largeBlob: true, webauthn:extension:minPinLength: true, webauthn:extension:prf: true, webauthn:virtualAuthenticators: true}
Element: [[EdgeDriver: MicrosoftEdge on windows (38f8aa2f09dea81b76622222a4a294f4)] -&gt; xpath: (//input[contains(@id,&quot;selectedResources&quot;)])[2]]
Session ID: 38f8aa2f09dea81b76622222a4a294f4
	at org.openqa.selenium.remote.codec.w3c.W3CHttpResponseCodec.createException(W3CHttpResponseCodec.java:185)
	at org.openqa.selenium.remote.codec.w3c.W3CHttpResponseCodec.decode(W3CHttpResponseCodec.java:134)
	at org.openqa.selenium.remote.codec.w3c.W3CHttpResponseCodec.decode(W3CHttpResponseCodec.java:51)
	at org.openqa.selenium.remote.HttpCommandExecutor.execute(HttpCommandExecutor.java:190)
	at org.openqa.selenium.remote.service.DriverCommandExecutor.invokeExecute(DriverCommandExecutor.java:216)
	at org.openqa.selenium.remote.service.DriverCommandExecutor.execute(DriverCommandExecutor.java:174)
	at org.openqa.selenium.remote.RemoteWebDriver.execute(RemoteWebDriver.java:519)
	at org.openqa.selenium.remote.RemoteWebElement.execute(RemoteWebElement.java:223)
	at org.openqa.selenium.remote.RemoteWebElement.click(RemoteWebElement.java:76)
	at org.openqa.selenium.support.pagefactory.internal.LocatingElementHandler.invoke(LocatingElementHandler.java:51)
	at jdk.proxy2/jdk.proxy2.$Proxy22.click(Unknown Source)
	at function.I_AlarmTemplate.createNewAlarmTemplateByResource(I_AlarmTemplate.java:437)
	at function.A_testClassCreate.createNewAlarmTemplateByResource(A_testClassCreate.java:122)
	at java.base/java.util.ArrayList.forEach(ArrayList.java:1511)
... Removed 35 stack frames</pre></div><a href='#' onClick='toggleBox("stack-trace1300016164", this, "Click to show all stack frames", "Click to hide stack frames")'>Click to show all stack frames</a>
<div class='stack-trace' id='stack-trace1300016164'><pre>org.openqa.selenium.ElementClickInterceptedException: element click intercepted: Element &lt;input autocomplete=&quot;off&quot; placeholder=&quot;Select...&quot; id=&quot;dx_dx-796ad197-3f54-e56a-41b8-298428a571e1_selectedResources[786689f4a73da2eb7d606c9a4ea37c8970b06f0a]&quot; class=&quot;dx-texteditor-input&quot; aria-haspopup=&quot;listbox&quot; aria-autocomplete=&quot;list&quot; role=&quot;combobox&quot; type=&quot;text&quot; spellcheck=&quot;false&quot; tabindex=&quot;0&quot; size=&quot;1&quot; aria-expanded=&quot;false&quot; aria-required=&quot;true&quot;&gt; is not clickable at point (364, 662). Other element would receive the click: &lt;div class=&quot;dx-list-item-before-bag dx-list-select-checkbox-container&quot;&gt;...&lt;/div&gt;
  (Session info: MicrosoftEdge=137.0.3296.83)
Build info: version: &apos;4.17.0&apos;, revision: &apos;e52b1be057*&apos;
System info: os.name: &apos;Windows 11&apos;, os.arch: &apos;amd64&apos;, os.version: &apos;10.0&apos;, java.version: &apos;17.0.9&apos;
Driver info: org.openqa.selenium.edge.EdgeDriver
Command: [38f8aa2f09dea81b76622222a4a294f4, clickElement {id=f.4E4FD31562544774B4D00D572A996B01.d.00A337CC114FE45880958A9C96FF55E9.e.1070}]
Capabilities {acceptInsecureCerts: false, browserName: MicrosoftEdge, browserVersion: 137.0.3296.83, fedcm:accounts: true, ms:edgeOptions: {debuggerAddress: localhost:51107}, msedge: {msedgedriverVersion: 137.0.3296.83 (24e00e9cccf2..., userDataDir: C:\Users\BHUPESH\AppData\Lo...}, networkConnectionEnabled: false, pageLoadStrategy: normal, platformName: windows, proxy: Proxy(), se:cdp: ws://localhost:51107/devtoo..., se:cdpVersion: 137.0.3296.83, setWindowRect: true, strictFileInteractability: false, timeouts: {implicit: 0, pageLoad: 300000, script: 30000}, unhandledPromptBehavior: dismiss and notify, webauthn:extension:credBlob: true, webauthn:extension:largeBlob: true, webauthn:extension:minPinLength: true, webauthn:extension:prf: true, webauthn:virtualAuthenticators: true}
Element: [[EdgeDriver: MicrosoftEdge on windows (38f8aa2f09dea81b76622222a4a294f4)] -&gt; xpath: (//input[contains(@id,&quot;selectedResources&quot;)])[2]]
Session ID: 38f8aa2f09dea81b76622222a4a294f4
	at java.base/jdk.internal.reflect.NativeConstructorAccessorImpl.newInstance0(Native Method)
	at java.base/jdk.internal.reflect.NativeConstructorAccessorImpl.newInstance(NativeConstructorAccessorImpl.java:77)
	at java.base/jdk.internal.reflect.DelegatingConstructorAccessorImpl.newInstance(DelegatingConstructorAccessorImpl.java:45)
	at java.base/java.lang.reflect.Constructor.newInstanceWithCaller(Constructor.java:499)
	at java.base/java.lang.reflect.Constructor.newInstance(Constructor.java:480)
	at org.openqa.selenium.remote.codec.w3c.W3CHttpResponseCodec.createException(W3CHttpResponseCodec.java:185)
	at org.openqa.selenium.remote.codec.w3c.W3CHttpResponseCodec.decode(W3CHttpResponseCodec.java:134)
	at org.openqa.selenium.remote.codec.w3c.W3CHttpResponseCodec.decode(W3CHttpResponseCodec.java:51)
	at org.openqa.selenium.remote.HttpCommandExecutor.execute(HttpCommandExecutor.java:190)
	at org.openqa.selenium.remote.service.DriverCommandExecutor.invokeExecute(DriverCommandExecutor.java:216)
	at org.openqa.selenium.remote.service.DriverCommandExecutor.execute(DriverCommandExecutor.java:174)
	at org.openqa.selenium.remote.RemoteWebDriver.execute(RemoteWebDriver.java:519)
	at org.openqa.selenium.remote.RemoteWebElement.execute(RemoteWebElement.java:223)
	at org.openqa.selenium.remote.RemoteWebElement.click(RemoteWebElement.java:76)
	at jdk.internal.reflect.GeneratedMethodAccessor2.invoke(Unknown Source)
	at java.base/jdk.internal.reflect.DelegatingMethodAccessorImpl.invoke(DelegatingMethodAccessorImpl.java:43)
	at java.base/java.lang.reflect.Method.invoke(Method.java:568)
	at org.openqa.selenium.support.pagefactory.internal.LocatingElementHandler.invoke(LocatingElementHandler.java:51)
	at jdk.proxy2/jdk.proxy2.$Proxy22.click(Unknown Source)
	at function.I_AlarmTemplate.createNewAlarmTemplateByResource(I_AlarmTemplate.java:437)
	at function.A_testClassCreate.createNewAlarmTemplateByResource(A_testClassCreate.java:122)
	at java.base/jdk.internal.reflect.NativeMethodAccessorImpl.invoke0(Native Method)
	at java.base/jdk.internal.reflect.NativeMethodAccessorImpl.invoke(NativeMethodAccessorImpl.java:77)
	at java.base/jdk.internal.reflect.DelegatingMethodAccessorImpl.invoke(DelegatingMethodAccessorImpl.java:43)
	at java.base/java.lang.reflect.Method.invoke(Method.java:568)
	at org.testng.internal.invokers.MethodInvocationHelper.invokeMethod(MethodInvocationHelper.java:139)
	at org.testng.internal.invokers.TestInvoker.invokeMethod(TestInvoker.java:664)
	at org.testng.internal.invokers.TestInvoker.invokeTestMethod(TestInvoker.java:228)
	at org.testng.internal.invokers.MethodRunner.runInSequence(MethodRunner.java:63)
	at org.testng.internal.invokers.TestInvoker$MethodInvocationAgent.invoke(TestInvoker.java:961)
	at org.testng.internal.invokers.TestInvoker.invokeTestMethods(TestInvoker.java:201)
	at org.testng.internal.invokers.TestMethodWorker.invokeTestMethods(TestMethodWorker.java:148)
	at org.testng.internal.invokers.TestMethodWorker.run(TestMethodWorker.java:128)
	at java.base/java.util.ArrayList.forEach(ArrayList.java:1511)
	at org.testng.TestRunner.privateRun(TestRunner.java:819)
	at org.testng.TestRunner.run(TestRunner.java:619)
	at org.testng.SuiteRunner.runTest(SuiteRunner.java:443)
	at org.testng.SuiteRunner.runSequentially(SuiteRunner.java:437)
	at org.testng.SuiteRunner.privateRun(SuiteRunner.java:397)
	at org.testng.SuiteRunner.run(SuiteRunner.java:336)
	at org.testng.SuiteRunnerWorker.runSuite(SuiteRunnerWorker.java:52)
	at org.testng.SuiteRunnerWorker.run(SuiteRunnerWorker.java:95)
	at org.testng.TestNG.runSuitesSequentially(TestNG.java:1301)
	at org.testng.TestNG.runSuitesLocally(TestNG.java:1228)
	at org.testng.TestNG.runSuites(TestNG.java:1134)
	at org.testng.TestNG.run(TestNG.java:1101)
	at org.testng.remote.AbstractRemoteTestNG.run(AbstractRemoteTestNG.java:115)
	at org.testng.remote.RemoteTestNG.initAndRun(RemoteTestNG.java:251)
	at org.testng.remote.RemoteTestNG.main(RemoteTestNG.java:77)
</pre></div></td>
<td>29</td>
<td>function.A_testClassCreate@5149d738</td></tr>
<tr>
<td title='function.A_testClassCreate.manualAlarmByEscResourceMs()'><b>manualAlarmByEscResourceMs</b><br>Test class: function.A_testClassCreate<br/>
<a href="#Output-124351398" onClick='toggleBox("Output-124351398", this, "Show output", "Hide output");'>Show output</a>

<a href="#Output-124351398" onClick="toggleAllBoxes();">Show all outputs</a>
<div class='log' id="Output-124351398">
 <br/>
The process of creating a manual alarm by escaltion resource-multi station is started.<br/>
</div>
</td>
<td><div><pre>org.openqa.selenium.NoSuchElementException: no such element: Unable to locate element: {&quot;method&quot;:&quot;xpath&quot;,&quot;selector&quot;:&quot;//textarea[@name=&quot;address&quot;]&quot;}
  (Session info: MicrosoftEdge=137.0.3296.83)
For documentation on this error, please visit: https://www.selenium.dev/documentation/webdriver/troubleshooting/errors#no-such-element-exception
Build info: version: &apos;4.17.0&apos;, revision: &apos;e52b1be057*&apos;
System info: os.name: &apos;Windows 11&apos;, os.arch: &apos;amd64&apos;, os.version: &apos;10.0&apos;, java.version: &apos;17.0.9&apos;
Driver info: org.openqa.selenium.edge.EdgeDriver
Command: [38f8aa2f09dea81b76622222a4a294f4, findElement {using=xpath, value=//textarea[@name=&quot;address&quot;]}]
Capabilities {acceptInsecureCerts: false, browserName: MicrosoftEdge, browserVersion: 137.0.3296.83, fedcm:accounts: true, ms:edgeOptions: {debuggerAddress: localhost:51107}, msedge: {msedgedriverVersion: 137.0.3296.83 (24e00e9cccf2..., userDataDir: C:\Users\BHUPESH\AppData\Lo...}, networkConnectionEnabled: false, pageLoadStrategy: normal, platformName: windows, proxy: Proxy(), se:cdp: ws://localhost:51107/devtoo..., se:cdpVersion: 137.0.3296.83, setWindowRect: true, strictFileInteractability: false, timeouts: {implicit: 0, pageLoad: 300000, script: 30000}, unhandledPromptBehavior: dismiss and notify, webauthn:extension:credBlob: true, webauthn:extension:largeBlob: true, webauthn:extension:minPinLength: true, webauthn:extension:prf: true, webauthn:virtualAuthenticators: true}
Session ID: 38f8aa2f09dea81b76622222a4a294f4
	at org.openqa.selenium.remote.codec.w3c.W3CHttpResponseCodec.createException(W3CHttpResponseCodec.java:185)
	at org.openqa.selenium.remote.codec.w3c.W3CHttpResponseCodec.decode(W3CHttpResponseCodec.java:134)
	at org.openqa.selenium.remote.codec.w3c.W3CHttpResponseCodec.decode(W3CHttpResponseCodec.java:51)
	at org.openqa.selenium.remote.HttpCommandExecutor.execute(HttpCommandExecutor.java:190)
	at org.openqa.selenium.remote.service.DriverCommandExecutor.invokeExecute(DriverCommandExecutor.java:216)
	at org.openqa.selenium.remote.service.DriverCommandExecutor.execute(DriverCommandExecutor.java:174)
	at org.openqa.selenium.remote.RemoteWebDriver.execute(RemoteWebDriver.java:519)
	at org.openqa.selenium.remote.ElementLocation$ElementFinder$2.findElement(ElementLocation.java:165)
	at org.openqa.selenium.remote.ElementLocation.findElement(ElementLocation.java:59)
	at org.openqa.selenium.remote.RemoteWebDriver.findElement(RemoteWebDriver.java:356)
	at org.openqa.selenium.remote.RemoteWebDriver.findElement(RemoteWebDriver.java:350)
	at org.openqa.selenium.support.pagefactory.DefaultElementLocator.findElement(DefaultElementLocator.java:68)
	at org.openqa.selenium.support.pagefactory.internal.LocatingElementHandler.invoke(LocatingElementHandler.java:38)
	at jdk.proxy2/jdk.proxy2.$Proxy22.click(Unknown Source)
	at function.F_manualAlarm.manualAlarmByEscResourceMS(F_manualAlarm.java:854)
	at function.A_testClassCreate.manualAlarmByEscResourceMs(A_testClassCreate.java:320)
	at java.base/java.util.ArrayList.forEach(ArrayList.java:1511)
... Removed 32 stack frames</pre></div><a href='#' onClick='toggleBox("stack-trace124351398", this, "Click to show all stack frames", "Click to hide stack frames")'>Click to show all stack frames</a>
<div class='stack-trace' id='stack-trace124351398'><pre>org.openqa.selenium.NoSuchElementException: no such element: Unable to locate element: {&quot;method&quot;:&quot;xpath&quot;,&quot;selector&quot;:&quot;//textarea[@name=&quot;address&quot;]&quot;}
  (Session info: MicrosoftEdge=137.0.3296.83)
For documentation on this error, please visit: https://www.selenium.dev/documentation/webdriver/troubleshooting/errors#no-such-element-exception
Build info: version: &apos;4.17.0&apos;, revision: &apos;e52b1be057*&apos;
System info: os.name: &apos;Windows 11&apos;, os.arch: &apos;amd64&apos;, os.version: &apos;10.0&apos;, java.version: &apos;17.0.9&apos;
Driver info: org.openqa.selenium.edge.EdgeDriver
Command: [38f8aa2f09dea81b76622222a4a294f4, findElement {using=xpath, value=//textarea[@name=&quot;address&quot;]}]
Capabilities {acceptInsecureCerts: false, browserName: MicrosoftEdge, browserVersion: 137.0.3296.83, fedcm:accounts: true, ms:edgeOptions: {debuggerAddress: localhost:51107}, msedge: {msedgedriverVersion: 137.0.3296.83 (24e00e9cccf2..., userDataDir: C:\Users\BHUPESH\AppData\Lo...}, networkConnectionEnabled: false, pageLoadStrategy: normal, platformName: windows, proxy: Proxy(), se:cdp: ws://localhost:51107/devtoo..., se:cdpVersion: 137.0.3296.83, setWindowRect: true, strictFileInteractability: false, timeouts: {implicit: 0, pageLoad: 300000, script: 30000}, unhandledPromptBehavior: dismiss and notify, webauthn:extension:credBlob: true, webauthn:extension:largeBlob: true, webauthn:extension:minPinLength: true, webauthn:extension:prf: true, webauthn:virtualAuthenticators: true}
Session ID: 38f8aa2f09dea81b76622222a4a294f4
	at java.base/jdk.internal.reflect.NativeConstructorAccessorImpl.newInstance0(Native Method)
	at java.base/jdk.internal.reflect.NativeConstructorAccessorImpl.newInstance(NativeConstructorAccessorImpl.java:77)
	at java.base/jdk.internal.reflect.DelegatingConstructorAccessorImpl.newInstance(DelegatingConstructorAccessorImpl.java:45)
	at java.base/java.lang.reflect.Constructor.newInstanceWithCaller(Constructor.java:499)
	at java.base/java.lang.reflect.Constructor.newInstance(Constructor.java:480)
	at org.openqa.selenium.remote.codec.w3c.W3CHttpResponseCodec.createException(W3CHttpResponseCodec.java:185)
	at org.openqa.selenium.remote.codec.w3c.W3CHttpResponseCodec.decode(W3CHttpResponseCodec.java:134)
	at org.openqa.selenium.remote.codec.w3c.W3CHttpResponseCodec.decode(W3CHttpResponseCodec.java:51)
	at org.openqa.selenium.remote.HttpCommandExecutor.execute(HttpCommandExecutor.java:190)
	at org.openqa.selenium.remote.service.DriverCommandExecutor.invokeExecute(DriverCommandExecutor.java:216)
	at org.openqa.selenium.remote.service.DriverCommandExecutor.execute(DriverCommandExecutor.java:174)
	at org.openqa.selenium.remote.RemoteWebDriver.execute(RemoteWebDriver.java:519)
	at org.openqa.selenium.remote.ElementLocation$ElementFinder$2.findElement(ElementLocation.java:165)
	at org.openqa.selenium.remote.ElementLocation.findElement(ElementLocation.java:59)
	at org.openqa.selenium.remote.RemoteWebDriver.findElement(RemoteWebDriver.java:356)
	at org.openqa.selenium.remote.RemoteWebDriver.findElement(RemoteWebDriver.java:350)
	at org.openqa.selenium.support.pagefactory.DefaultElementLocator.findElement(DefaultElementLocator.java:68)
	at org.openqa.selenium.support.pagefactory.internal.LocatingElementHandler.invoke(LocatingElementHandler.java:38)
	at jdk.proxy2/jdk.proxy2.$Proxy22.click(Unknown Source)
	at function.F_manualAlarm.manualAlarmByEscResourceMS(F_manualAlarm.java:854)
	at function.A_testClassCreate.manualAlarmByEscResourceMs(A_testClassCreate.java:320)
	at java.base/jdk.internal.reflect.NativeMethodAccessorImpl.invoke0(Native Method)
	at java.base/jdk.internal.reflect.NativeMethodAccessorImpl.invoke(NativeMethodAccessorImpl.java:77)
	at java.base/jdk.internal.reflect.DelegatingMethodAccessorImpl.invoke(DelegatingMethodAccessorImpl.java:43)
	at java.base/java.lang.reflect.Method.invoke(Method.java:568)
	at org.testng.internal.invokers.MethodInvocationHelper.invokeMethod(MethodInvocationHelper.java:139)
	at org.testng.internal.invokers.TestInvoker.invokeMethod(TestInvoker.java:664)
	at org.testng.internal.invokers.TestInvoker.invokeTestMethod(TestInvoker.java:228)
	at org.testng.internal.invokers.MethodRunner.runInSequence(MethodRunner.java:63)
	at org.testng.internal.invokers.TestInvoker$MethodInvocationAgent.invoke(TestInvoker.java:961)
	at org.testng.internal.invokers.TestInvoker.invokeTestMethods(TestInvoker.java:201)
	at org.testng.internal.invokers.TestMethodWorker.invokeTestMethods(TestMethodWorker.java:148)
	at org.testng.internal.invokers.TestMethodWorker.run(TestMethodWorker.java:128)
	at java.base/java.util.ArrayList.forEach(ArrayList.java:1511)
	at org.testng.TestRunner.privateRun(TestRunner.java:819)
	at org.testng.TestRunner.run(TestRunner.java:619)
	at org.testng.SuiteRunner.runTest(SuiteRunner.java:443)
	at org.testng.SuiteRunner.runSequentially(SuiteRunner.java:437)
	at org.testng.SuiteRunner.privateRun(SuiteRunner.java:397)
	at org.testng.SuiteRunner.run(SuiteRunner.java:336)
	at org.testng.SuiteRunnerWorker.runSuite(SuiteRunnerWorker.java:52)
	at org.testng.SuiteRunnerWorker.run(SuiteRunnerWorker.java:95)
	at org.testng.TestNG.runSuitesSequentially(TestNG.java:1301)
	at org.testng.TestNG.runSuitesLocally(TestNG.java:1228)
	at org.testng.TestNG.runSuites(TestNG.java:1134)
	at org.testng.TestNG.run(TestNG.java:1101)
	at org.testng.remote.AbstractRemoteTestNG.run(AbstractRemoteTestNG.java:115)
	at org.testng.remote.RemoteTestNG.initAndRun(RemoteTestNG.java:251)
	at org.testng.remote.RemoteTestNG.main(RemoteTestNG.java:77)
</pre></div></td>
<td>28</td>
<td>function.A_testClassCreate@5149d738</td></tr>
</table><p>
<table width='100%' border='1' class='invocation-passed'>
<tr><td colspan='4' align='center'><b>PASSED TESTS</b></td></tr>
<tr><td><b>Test method</b></td>
<td><b>Attribute(s)</b></td>
<td width="30%"><b>Exception</b></td>
<td width="10%"><b>Time (seconds)</b></td>
<td><b>Instance</b></td>
</tr>
<tr>
<td title='function.A_testClassCreate.createNewAlarmTemplateByFirefighter()'><b>createNewAlarmTemplateByFirefighter</b><br>Test class: function.A_testClassCreate<br/>
<a href="#Output-1537436803" onClick='toggleBox("Output-1537436803", this, "Show output", "Hide output");'>Show output</a>

<a href="#Output-1537436803" onClick="toggleAllBoxes();">Show all outputs</a>
<div class='log' id="Output-1537436803">
 <br/>
The process of creating new alarm template by fire fighter is started.<br/>
The process of creating new alarm template by fire fighter is complete.<br/>
 <br/>
</div>
</td>
<td></td>
<td>47</td>
<td>function.A_testClassCreate@5149d738</td></tr>
<tr>
<td title='function.A_testClassCreate.createNewAlarmLoop()'><b>createNewAlarmLoop</b><br>Test class: function.A_testClassCreate<br/>
<a href="#Output-48339760" onClick='toggleBox("Output-48339760", this, "Show output", "Hide output");'>Show output</a>

<a href="#Output-48339760" onClick="toggleAllBoxes();">Show all outputs</a>
<div class='log' id="Output-48339760">
 <br/>
The process of creating new alarm loop is started.<br/>
The process of creating new alarm loop is is complete.<br/>
 <br/>
</div>
</td>
<td></td>
<td>28</td>
<td>function.A_testClassCreate@5149d738</td></tr>
<tr>
<td title='function.A_testClassCreate.manualaByAttributeMSLP()'><b>manualaByAttributeMSLP</b><br>Test class: function.A_testClassCreate<br/>
<a href="#Output-1854053968" onClick='toggleBox("Output-1854053968", this, "Show output", "Hide output");'>Show output</a>

<a href="#Output-1854053968" onClick="toggleAllBoxes();">Show all outputs</a>
<div class='log' id="Output-1854053968">
 <br/>
The process of creating a low priority multi station manual alarm by attribute  is started.<br/>
The process of creating a low priority multi station manual alarm by attribute is complete.<br/>
 <br/>
</div>
</td>
<td></td>
<td>41</td>
<td>function.A_testClassCreate@5149d738</td></tr>
<tr>
<td title='function.A_testClassCreate.manualAlarmByTemplate()'><b>manualAlarmByTemplate</b><br>Test class: function.A_testClassCreate<br/>
<a href="#Output-1221872454" onClick='toggleBox("Output-1221872454", this, "Show output", "Hide output");'>Show output</a>

<a href="#Output-1221872454" onClick="toggleAllBoxes();">Show all outputs</a>
<div class='log' id="Output-1221872454">
 <br/>
The process of creating a manual alarm by template is started.<br/>
The process of creating a manual alarm by template is complete.<br/>
 <br/>
</div>
</td>
<td></td>
<td>32</td>
<td>function.A_testClassCreate@5149d738</td></tr>
<tr>
<td title='function.A_testClassCreate.manualAlarmByResourceMs()'><b>manualAlarmByResourceMs</b><br>Test class: function.A_testClassCreate<br/>
<a href="#Output-2127092492" onClick='toggleBox("Output-2127092492", this, "Show output", "Hide output");'>Show output</a>

<a href="#Output-2127092492" onClick="toggleAllBoxes();">Show all outputs</a>
<div class='log' id="Output-2127092492">
 <br/>
The process of creating a manual alarm by resource is started.<br/>
The process of creating a manual alarm by resource is complete.<br/>
 <br/>
</div>
</td>
<td></td>
<td>32</td>
<td>function.A_testClassCreate@5149d738</td></tr>
<tr>
<td title='function.A_testClassCreate.sendMessageToManualAlarmUser()'><b>sendMessageToManualAlarmUser</b><br>Test class: function.A_testClassCreate<br/>
<a href="#Output-2136191813" onClick='toggleBox("Output-2136191813", this, "Show output", "Hide output");'>Show output</a>

<a href="#Output-2136191813" onClick="toggleAllBoxes();">Show all outputs</a>
<div class='log' id="Output-2136191813">
 <br/>
The process of send message to manual alarm user is started.<br/>
The process of send message to manual alarm user is complete.<br/>
 <br/>
</div>
</td>
<td></td>
<td>40</td>
<td>function.A_testClassCreate@5149d738</td></tr>
<tr>
<td title='function.A_testClassCreate.manualAlarmByFirefighterMs()'><b>manualAlarmByFirefighterMs</b><br>Test class: function.A_testClassCreate<br/>
<a href="#Output-25790944" onClick='toggleBox("Output-25790944", this, "Show output", "Hide output");'>Show output</a>

<a href="#Output-25790944" onClick="toggleAllBoxes();">Show all outputs</a>
<div class='log' id="Output-25790944">
 <br/>
The process of creating a manual alarm by firefighter is started.<br/>
The process of creating a manual alarm by firefighter is complete.<br/>
 <br/>
</div>
</td>
<td></td>
<td>51</td>
<td>function.A_testClassCreate@5149d738</td></tr>
<tr>
<td title='function.A_testClassCreate.manualaByAttributeExtend1StStResource()'><b>manualaByAttributeExtend1StStResource</b><br>Test class: function.A_testClassCreate<br/>
<a href="#Output-798259" onClick='toggleBox("Output-798259", this, "Show output", "Hide output");'>Show output</a>

<a href="#Output-798259" onClick="toggleAllBoxes();">Show all outputs</a>
<div class='log' id="Output-798259">
 <br/>
The process of creating a manual alarm by attribute st2 and extend to st1 by resource is started.<br/>
The process of creating a manual alarm by attribute st2 and extend to st1 by resource is complete.<br/>
 <br/>
</div>
</td>
<td></td>
<td>60</td>
<td>function.A_testClassCreate@5149d738</td></tr>
</table><p>
</body>
</html>