<?xml version="1.0" encoding="UTF-8"?>
<!-- Generated by org.testng.reporters.JUnitReportReporter -->
<testsuite hostname="DESKTOP-T6L47BI" failures="0" tests="11" name="function.A_testClassCreate" time="740.127" errors="1" timestamp="2025-06-04T10:40:41 IST" skipped="0">
  <testcase classname="function.A_testClassCreate" name="manualAlarmByEscResourceMs" time="55.139">
    <system-out>
      <![CDATA[ 
The process of creating a manual alarm by escaltion resource-multi station is started.
The process of creating a manual alarm by escaltion resource-multi station is complete.
 ]]>
    </system-out>
  </testcase> <!-- manualAlarmByEscResourceMs -->
  <testcase classname="function.A_testClassCreate" name="manualAlarmByEscResourceSingleStation" time="57.661">
    <system-out>
      <![CDATA[ 
The process of creating a manual alarm by escaltion resource-single station is started.
The process of creating a manual alarm by escaltion resource-single station is complete.
 ]]>
    </system-out>
  </testcase> <!-- manualAlarmByEscResourceSingleStation -->
  <testcase classname="function.A_testClassCreate" name="manualaByAttributeExtend1StStResource" time="70.445">
    <error message="no such element: Unable to locate element: {&quot;method&quot;:&quot;xpath&quot;,&quot;selector&quot;:&quot;//input[@placeholder=&quot;Select Firestation&quot;]&quot;}
  (Session info: chrome=137.0.7151.56)
For documentation on this error, please visit: https://www.selenium.dev/documentation/webdriver/troubleshooting/errors#no-such-element-exception
Build info: version: &#039;4.17.0&#039;, revision: &#039;e52b1be057*&#039;
System info: os.name: &#039;Windows 11&#039;, os.arch: &#039;amd64&#039;, os.version: &#039;10.0&#039;, java.version: &#039;17.0.9&#039;
Driver info: org.openqa.selenium.chrome.ChromeDriver
Command: [b1f186a2298ee012a5672a9b4e8e9140, findElement {value=//input[@placeholder=&quot;Select Firestation&quot;], using=xpath}]
Capabilities {acceptInsecureCerts: false, browserName: chrome, browserVersion: 137.0.7151.56, chrome: {chromedriverVersion: 137.0.7151.68 (2989ffee9373..., userDataDir: C:\Users\BHUPESH\AppData\Lo...}, fedcm:accounts: true, goog:chromeOptions: {debuggerAddress: localhost:50344}, networkConnectionEnabled: false, pageLoadStrategy: normal, platformName: windows, proxy: Proxy(), se:cdp: ws://localhost:50344/devtoo..., se:cdpVersion: 137.0.7151.56, setWindowRect: true, strictFileInteractability: false, timeouts: {implicit: 0, pageLoad: 300000, script: 30000}, unhandledPromptBehavior: dismiss and notify, webauthn:extension:credBlob: true, webauthn:extension:largeBlob: true, webauthn:extension:minPinLength: true, webauthn:extension:prf: true, webauthn:virtualAuthenticators: true}
Session ID: b1f186a2298ee012a5672a9b4e8e9140" type="org.openqa.selenium.NoSuchElementException">
      <![CDATA[org.openqa.selenium.NoSuchElementException: no such element: Unable to locate element: {"method":"xpath","selector":"//input[@placeholder="Select Firestation"]"}
  (Session info: chrome=137.0.7151.56)
For documentation on this error, please visit: https://www.selenium.dev/documentation/webdriver/troubleshooting/errors#no-such-element-exception
Build info: version: '4.17.0', revision: 'e52b1be057*'
System info: os.name: 'Windows 11', os.arch: 'amd64', os.version: '10.0', java.version: '17.0.9'
Driver info: org.openqa.selenium.chrome.ChromeDriver
Command: [b1f186a2298ee012a5672a9b4e8e9140, findElement {value=//input[@placeholder="Select Firestation"], using=xpath}]
Capabilities {acceptInsecureCerts: false, browserName: chrome, browserVersion: 137.0.7151.56, chrome: {chromedriverVersion: 137.0.7151.68 (2989ffee9373..., userDataDir: C:\Users\BHUPESH\AppData\Lo...}, fedcm:accounts: true, goog:chromeOptions: {debuggerAddress: localhost:50344}, networkConnectionEnabled: false, pageLoadStrategy: normal, platformName: windows, proxy: Proxy(), se:cdp: ws://localhost:50344/devtoo..., se:cdpVersion: 137.0.7151.56, setWindowRect: true, strictFileInteractability: false, timeouts: {implicit: 0, pageLoad: 300000, script: 30000}, unhandledPromptBehavior: dismiss and notify, webauthn:extension:credBlob: true, webauthn:extension:largeBlob: true, webauthn:extension:minPinLength: true, webauthn:extension:prf: true, webauthn:virtualAuthenticators: true}
Session ID: b1f186a2298ee012a5672a9b4e8e9140
at java.base/jdk.internal.reflect.NativeConstructorAccessorImpl.newInstance0(Native Method)
at java.base/jdk.internal.reflect.NativeConstructorAccessorImpl.newInstance(NativeConstructorAccessorImpl.java:77)
at java.base/jdk.internal.reflect.DelegatingConstructorAccessorImpl.newInstance(DelegatingConstructorAccessorImpl.java:45)
at java.base/java.lang.reflect.Constructor.newInstanceWithCaller(Constructor.java:499)
at java.base/java.lang.reflect.Constructor.newInstance(Constructor.java:480)
at org.openqa.selenium.remote.codec.w3c.W3CHttpResponseCodec.createException(W3CHttpResponseCodec.java:185)
at org.openqa.selenium.remote.codec.w3c.W3CHttpResponseCodec.decode(W3CHttpResponseCodec.java:134)
at org.openqa.selenium.remote.codec.w3c.W3CHttpResponseCodec.decode(W3CHttpResponseCodec.java:51)
at org.openqa.selenium.remote.HttpCommandExecutor.execute(HttpCommandExecutor.java:190)
at org.openqa.selenium.remote.service.DriverCommandExecutor.invokeExecute(DriverCommandExecutor.java:216)
at org.openqa.selenium.remote.service.DriverCommandExecutor.execute(DriverCommandExecutor.java:174)
at org.openqa.selenium.remote.RemoteWebDriver.execute(RemoteWebDriver.java:519)
at org.openqa.selenium.remote.ElementLocation$ElementFinder$2.findElement(ElementLocation.java:165)
at org.openqa.selenium.remote.ElementLocation.findElement(ElementLocation.java:59)
at org.openqa.selenium.remote.RemoteWebDriver.findElement(RemoteWebDriver.java:356)
at org.openqa.selenium.remote.RemoteWebDriver.findElement(RemoteWebDriver.java:350)
at org.openqa.selenium.support.pagefactory.DefaultElementLocator.findElement(DefaultElementLocator.java:68)
at org.openqa.selenium.support.pagefactory.internal.LocatingElementHandler.invoke(LocatingElementHandler.java:38)
at jdk.proxy2/jdk.proxy2.$Proxy22.click(Unknown Source)
at function.F_manualAlarm.manualaByAttributeExtend1StStResource(F_manualAlarm.java:666)
at function.A_testClassCreate.manualaByAttributeExtend1StStResource(A_testClassCreate.java:179)
at java.base/jdk.internal.reflect.NativeMethodAccessorImpl.invoke0(Native Method)
at java.base/jdk.internal.reflect.NativeMethodAccessorImpl.invoke(NativeMethodAccessorImpl.java:77)
at java.base/jdk.internal.reflect.DelegatingMethodAccessorImpl.invoke(DelegatingMethodAccessorImpl.java:43)
at java.base/java.lang.reflect.Method.invoke(Method.java:568)
at org.testng.internal.invokers.MethodInvocationHelper.invokeMethod(MethodInvocationHelper.java:139)
at org.testng.internal.invokers.TestInvoker.invokeMethod(TestInvoker.java:664)
at org.testng.internal.invokers.TestInvoker.invokeTestMethod(TestInvoker.java:228)
at org.testng.internal.invokers.MethodRunner.runInSequence(MethodRunner.java:63)
at org.testng.internal.invokers.TestInvoker$MethodInvocationAgent.invoke(TestInvoker.java:961)
at org.testng.internal.invokers.TestInvoker.invokeTestMethods(TestInvoker.java:201)
at org.testng.internal.invokers.TestMethodWorker.invokeTestMethods(TestMethodWorker.java:148)
at org.testng.internal.invokers.TestMethodWorker.run(TestMethodWorker.java:128)
at java.base/java.util.ArrayList.forEach(ArrayList.java:1511)
at org.testng.TestRunner.privateRun(TestRunner.java:819)
at org.testng.TestRunner.run(TestRunner.java:619)
at org.testng.SuiteRunner.runTest(SuiteRunner.java:443)
at org.testng.SuiteRunner.runSequentially(SuiteRunner.java:437)
at org.testng.SuiteRunner.privateRun(SuiteRunner.java:397)
at org.testng.SuiteRunner.run(SuiteRunner.java:336)
at org.testng.SuiteRunnerWorker.runSuite(SuiteRunnerWorker.java:52)
at org.testng.SuiteRunnerWorker.run(SuiteRunnerWorker.java:95)
at org.testng.TestNG.runSuitesSequentially(TestNG.java:1301)
at org.testng.TestNG.runSuitesLocally(TestNG.java:1228)
at org.testng.TestNG.runSuites(TestNG.java:1134)
at org.testng.TestNG.run(TestNG.java:1101)
at org.testng.remote.AbstractRemoteTestNG.run(AbstractRemoteTestNG.java:115)
at org.testng.remote.RemoteTestNG.initAndRun(RemoteTestNG.java:251)
at org.testng.remote.RemoteTestNG.main(RemoteTestNG.java:77)
]]>
    </error>
    <system-out>
      <![CDATA[ 
The process of creating a manual alarm by attribute st2 and extend to st1 by resource is started.]]>
    </system-out>
  </testcase> <!-- manualaByAttributeExtend1StStResource -->
  <testcase classname="function.A_testClassCreate" name="manualAlarmByResourceMs" time="59.161">
    <system-out>
      <![CDATA[ 
The process of creating a manual alarm by resource is started.
The process of creating a manual alarm by resource is complete.
 ]]>
    </system-out>
  </testcase> <!-- manualAlarmByResourceMs -->
  <testcase classname="function.A_testClassCreate" name="manualaByAttributeMSLP" time="64.817">
    <system-out>
      <![CDATA[ 
The process of creating a low priority multi station manual alarm by attribute  is started.
The process of creating a low priority multi station manual alarm by attribute is complete.
 ]]>
    </system-out>
  </testcase> <!-- manualaByAttributeMSLP -->
  <testcase classname="function.A_testClassCreate" name="sendMessageToManualAlarmUser" time="61.260">
    <system-out>
      <![CDATA[ 
The process of send message to manual alarm user is started.
The process of send message to manual alarm user is complete.
 ]]>
    </system-out>
  </testcase> <!-- sendMessageToManualAlarmUser -->
  <testcase classname="function.A_testClassCreate" name="sendMessageToOldApiAlarmUser" time="63.162">
    <system-out>
      <![CDATA[ 
The process of send message to old api alarm user is started.
The process of send message to old api alarm user is complete.
 ]]>
    </system-out>
  </testcase> <!-- sendMessageToOldApiAlarmUser -->
  <testcase classname="function.A_testClassCreate" name="manualAlarmByTemplate" time="57.938">
    <system-out>
      <![CDATA[ 
The process of creating a manual alarm by template is started.
The process of creating a manual alarm by template is complete.
 ]]>
    </system-out>
  </testcase> <!-- manualAlarmByTemplate -->
  <testcase classname="function.A_testClassCreate" name="manualAlarmByFirefighterMs" time="77.872">
    <system-out>
      <![CDATA[ 
The process of creating a manual alarm by firefighter is started.
The process of creating a manual alarm by firefighter is complete.
 ]]>
    </system-out>
  </testcase> <!-- manualAlarmByFirefighterMs -->
  <testcase classname="function.A_testClassCreate" name="manualaByAttributeSingleStation" time="75.507">
    <system-out>
      <![CDATA[ 
The process of creating a manual alarm by attribute  is started.
The process of creating a manual alarm by attribute is complete.
 ]]>
    </system-out>
  </testcase> <!-- manualaByAttributeSingleStation -->
  <testcase classname="function.A_testClassCreate" name="sendMessageToNewApiAlarmUser" time="97.165">
    <system-out>
      <![CDATA[ 
The process of send message to new api alarm user is started.
image attached properly
pdf attached properly
word file attached properly
The process of send message to new api alarm user is complete.
 ]]>
    </system-out>
  </testcase> <!-- sendMessageToNewApiAlarmUser -->
  <system-out>
    <![CDATA[Well come to RETTERAlarm Live branch
Logged in user-6039-DE-andrew-deptu-2
 
The process of send message to old api alarm user is started.
The process of send message to old api alarm user is complete.
 
 
The process of send message to new api alarm user is started.
image attached properly
pdf attached properly
word file attached properly
The process of send message to new api alarm user is complete.
 
 
The process of creating a manual alarm by attribute  is started.
The process of creating a manual alarm by attribute is complete.
 
 
The process of creating a manual alarm by resource is started.
The process of creating a manual alarm by resource is complete.
 
 
The process of creating a manual alarm by firefighter is started.
The process of creating a manual alarm by firefighter is complete.
 
 
The process of creating a low priority multi station manual alarm by attribute  is started.
The process of creating a low priority multi station manual alarm by attribute is complete.
 
 
The process of creating a manual alarm by escaltion resource-single station is started.
The process of creating a manual alarm by escaltion resource-single station is complete.
 
 
The process of creating a manual alarm by escaltion resource-multi station is started.
The process of creating a manual alarm by escaltion resource-multi station is complete.
 
 
The process of creating a manual alarm by attribute st2 and extend to st1 by resource is started.
 
The process of creating a manual alarm by template is started.
The process of creating a manual alarm by template is complete.
 
 
The process of send message to manual alarm user is started.
The process of send message to manual alarm user is complete.
 
Logout sucessfully.
 
Refresh the URL before successfully closing the browser.
Browser close sucessfully.
 
Good to see you again.]]>
  </system-out>
</testsuite> <!-- function.A_testClassCreate -->
